# JRE version: OpenJDK Runtime Environment (8.0_152-b01) (build 1.8.0_152-release-915-b01)
# Java VM: OpenJDK 64-Bit Server VM (25.152-b01 mixed mode windows-amd64 compressed oops)
Heap:
 PSYoungGen      total 47104K, used 28236K [0x00000000e0000000, 0x00000000e3400000, 0x0000000100000000)
  eden space 40960K, 53% used [0x00000000e0000000,0x00000000e1597108,0x00000000e2800000)
  from space 6144K, 99% used [0x00000000e2800000,0x00000000e2dfc2e0,0x00000000e2e00000)
  to   space 5632K, 0% used [0x00000000e2e80000,0x00000000e2e80000,0x00000000e3400000)
 ParOldGen       total 35328K, used 10227K [0x00000000a0000000, 0x00000000a2280000, 0x00000000e0000000)
  object space 35328K, 28% used [0x00000000a0000000,0x00000000a09fcd78,0x00000000a2280000)
 Metaspace       used 31224K, capacity 31914K, committed 32000K, reserved 1077248K
  class space    used 4307K, capacity 4584K, committed 4608K, reserved 1048576K
GC Heap History (10 events):
Event: 10.007 GC heap before
{Heap before GC invocations=8 (full 0):
 PSYoungGen      total 22016K, used 15094K [0x00000000e0000000, 0x00000000e2b00000, 0x0000000100000000)
  eden space 15872K, 66% used [0x00000000e0000000,0x00000000e0a48390,0x00000000e0f80000)
  from space 6144K, 74% used [0x00000000e0f80000,0x00000000e13f55b8,0x00000000e1580000)
  to   space 6144K, 0% used [0x00000000e2500000,0x00000000e2500000,0x00000000e2b00000)
 ParOldGen       total 44032K, used 7755K [0x00000000a0000000, 0x00000000a2b00000, 0x00000000e0000000)
  object space 44032K, 17% used [0x00000000a0000000,0x00000000a0792c58,0x00000000a2b00000)
 Metaspace       used 20642K, capacity 21080K, committed 21248K, reserved 1067008K
  class space    used 2846K, capacity 3007K, committed 3072K, reserved 1048576K
Event: 10.025 GC heap after
Heap after GC invocations=8 (full 0):
 PSYoungGen      total 37888K, used 4068K [0x00000000e0000000, 0x00000000e2b00000, 0x0000000100000000)
  eden space 31744K, 0% used [0x00000000e0000000,0x00000000e0000000,0x00000000e1f00000)
  from space 6144K, 66% used [0x00000000e2500000,0x00000000e28f90f8,0x00000000e2b00000)
  to   space 6144K, 0% used [0x00000000e1f00000,0x00000000e1f00000,0x00000000e2500000)
 ParOldGen       total 44032K, used 8851K [0x00000000a0000000, 0x00000000a2b00000, 0x00000000e0000000)
  object space 44032K, 20% used [0x00000000a0000000,0x00000000a08a4ce8,0x00000000a2b00000)
 Metaspace       used 20642K, capacity 21080K, committed 21248K, reserved 1067008K
  class space    used 2846K, capacity 3007K, committed 3072K, reserved 1048576K
}
Event: 10.025 GC heap before
{Heap before GC invocations=9 (full 1):
 PSYoungGen      total 37888K, used 4068K [0x00000000e0000000, 0x00000000e2b00000, 0x0000000100000000)
  eden space 31744K, 0% used [0x00000000e0000000,0x00000000e0000000,0x00000000e1f00000)
  from space 6144K, 66% used [0x00000000e2500000,0x00000000e28f90f8,0x00000000e2b00000)
  to   space 6144K, 0% used [0x00000000e1f00000,0x00000000e1f00000,0x00000000e2500000)
 ParOldGen       total 44032K, used 8851K [0x00000000a0000000, 0x00000000a2b00000, 0x00000000e0000000)
  object space 44032K, 20% used [0x00000000a0000000,0x00000000a08a4ce8,0x00000000a2b00000)
 Metaspace       used 20642K, capacity 21080K, committed 21248K, reserved 1067008K
  class space    used 2846K, capacity 3007K, committed 3072K, reserved 1048576K
Event: 10.132 GC heap after
Heap after GC invocations=9 (full 1):
 PSYoungGen      total 37888K, used 0K [0x00000000e0000000, 0x00000000e2b00000, 0x0000000100000000)
  eden space 31744K, 0% used [0x00000000e0000000,0x00000000e0000000,0x00000000e1f00000)
  from space 6144K, 0% used [0x00000000e2500000,0x00000000e2500000,0x00000000e2b00000)
  to   space 6144K, 0% used [0x00000000e1f00000,0x00000000e1f00000,0x00000000e2500000)
 ParOldGen       total 35328K, used 8610K [0x00000000a0000000, 0x00000000a2280000, 0x00000000e0000000)
  object space 35328K, 24% used [0x00000000a0000000,0x00000000a0868b30,0x00000000a2280000)
 Metaspace       used 20642K, capacity 21080K, committed 21248K, reserved 1067008K
  class space    used 2846K, capacity 3007K, committed 3072K, reserved 1048576K
}
Event: 13.816 GC heap before
{Heap before GC invocations=10 (full 1):
 PSYoungGen      total 37888K, used 31744K [0x00000000e0000000, 0x00000000e2b00000, 0x0000000100000000)
  eden space 31744K, 100% used [0x00000000e0000000,0x00000000e1f00000,0x00000000e1f00000)
  from space 6144K, 0% used [0x00000000e2500000,0x00000000e2500000,0x00000000e2b00000)
  to   space 6144K, 0% used [0x00000000e1f00000,0x00000000e1f00000,0x00000000e2500000)
 ParOldGen       total 35328K, used 8610K [0x00000000a0000000, 0x00000000a2280000, 0x00000000e0000000)
  object space 35328K, 24% used [0x00000000a0000000,0x00000000a0868b30,0x00000000a2280000)
 Metaspace       used 23239K, capacity 23674K, committed 23808K, reserved 1069056K
  class space    used 3152K, capacity 3312K, committed 3328K, reserved 1048576K
Event: 13.824 GC heap after
Heap after GC invocations=10 (full 1):
 PSYoungGen      total 37888K, used 3532K [0x00000000e0000000, 0x00000000e3480000, 0x0000000100000000)
  eden space 31744K, 0% used [0x00000000e0000000,0x00000000e0000000,0x00000000e1f00000)
  from space 6144K, 57% used [0x00000000e1f00000,0x00000000e2273290,0x00000000e2500000)
  to   space 6144K, 0% used [0x00000000e2e80000,0x00000000e2e80000,0x00000000e3480000)
 ParOldGen       total 35328K, used 8618K [0x00000000a0000000, 0x00000000a2280000, 0x00000000e0000000)
  object space 35328K, 24% used [0x00000000a0000000,0x00000000a086ab30,0x00000000a2280000)
 Metaspace       used 23239K, capacity 23674K, committed 23808K, reserved 1069056K
  class space    used 3152K, capacity 3312K, committed 3328K, reserved 1048576K
}
Event: 15.910 GC heap before
{Heap before GC invocations=11 (full 1):
 PSYoungGen      total 37888K, used 35276K [0x00000000e0000000, 0x00000000e3480000, 0x0000000100000000)
  eden space 31744K, 100% used [0x00000000e0000000,0x00000000e1f00000,0x00000000e1f00000)
  from space 6144K, 57% used [0x00000000e1f00000,0x00000000e2273290,0x00000000e2500000)
  to   space 6144K, 0% used [0x00000000e2e80000,0x00000000e2e80000,0x00000000e3480000)
 ParOldGen       total 35328K, used 8618K [0x00000000a0000000, 0x00000000a2280000, 0x00000000e0000000)
  object space 35328K, 24% used [0x00000000a0000000,0x00000000a086ab30,0x00000000a2280000)
 Metaspace       used 25516K, capacity 26010K, committed 26240K, reserved 1071104K
  class space    used 3531K, capacity 3682K, committed 3712K, reserved 1048576K
Event: 15.925 GC heap after
Heap after GC invocations=11 (full 1):
 PSYoungGen      total 46592K, used 4957K [0x00000000e0000000, 0x00000000e3400000, 0x0000000100000000)
  eden space 40960K, 0% used [0x00000000e0000000,0x00000000e0000000,0x00000000e2800000)
  from space 5632K, 88% used [0x00000000e2e80000,0x00000000e33574e0,0x00000000e3400000)
  to   space 6144K, 0% used [0x00000000e2800000,0x00000000e2800000,0x00000000e2e00000)
 ParOldGen       total 35328K, used 8618K [0x00000000a0000000, 0x00000000a2280000, 0x00000000e0000000)
  object space 35328K, 24% used [0x00000000a0000000,0x00000000a086ab30,0x00000000a2280000)
 Metaspace       used 25516K, capacity 26010K, committed 26240K, reserved 1071104K
  class space    used 3531K, capacity 3682K, committed 3712K, reserved 1048576K
}
Event: 18.118 GC heap before
{Heap before GC invocations=12 (full 1):
 PSYoungGen      total 46592K, used 45917K [0x00000000e0000000, 0x00000000e3400000, 0x0000000100000000)
  eden space 40960K, 100% used [0x00000000e0000000,0x00000000e2800000,0x00000000e2800000)
  from space 5632K, 88% used [0x00000000e2e80000,0x00000000e33574e0,0x00000000e3400000)
  to   space 6144K, 0% used [0x00000000e2800000,0x00000000e2800000,0x00000000e2e00000)
 ParOldGen       total 35328K, used 8618K [0x00000000a0000000, 0x00000000a2280000, 0x00000000e0000000)
  object space 35328K, 24% used [0x00000000a0000000,0x00000000a086ab30,0x00000000a2280000)
 Metaspace       used 28571K, capacity 29188K, committed 29312K, reserved 1075200K
  class space    used 3965K, capacity 4187K, committed 4224K, reserved 1048576K
Event: 18.158 GC heap after
Heap after GC invocations=12 (full 1):
 PSYoungGen      total 47104K, used 6128K [0x00000000e0000000, 0x00000000e3400000, 0x0000000100000000)
  eden space 40960K, 0% used [0x00000000e0000000,0x00000000e0000000,0x00000000e2800000)
  from space 6144K, 99% used [0x00000000e2800000,0x00000000e2dfc2e0,0x00000000e2e00000)
  to   space 5632K, 0% used [0x00000000e2e80000,0x00000000e2e80000,0x00000000e3400000)
 ParOldGen       total 35328K, used 10227K [0x00000000a0000000, 0x00000000a2280000, 0x00000000e0000000)
  object space 35328K, 28% used [0x00000000a0000000,0x00000000a09fcd78,0x00000000a2280000)
 Metaspace       used 28571K, capacity 29188K, committed 29312K, reserved 1075200K
  class space    used 3965K, capacity 4187K, committed 4224K, reserved 1048576K
}

