# JRE version: OpenJDK Runtime Environment (8.0_152-b01) (build 1.8.0_152-release-915-b01)
# Java VM: OpenJDK 64-Bit Server VM (25.152-b01 mixed mode windows-amd64 compressed oops)
Heap:
 PSYoungGen      total 103424K, used 57865K [0x00000000e0000000, 0x00000000e7180000, 0x0000000100000000)
  eden space 96256K, 53% used [0x00000000e0000000,0x00000000e31f4d90,0x00000000e5e00000)
  from space 7168K, 93% used [0x00000000e6a80000,0x00000000e710d918,0x00000000e7180000)
  to   space 9216K, 0% used [0x00000000e5f80000,0x00000000e5f80000,0x00000000e6880000)
 ParOldGen       total 54272K, used 16619K [0x00000000a0000000, 0x00000000a3500000, 0x00000000e0000000)
  object space 54272K, 30% used [0x00000000a0000000,0x00000000a103ae80,0x00000000a3500000)
 Metaspace       used 43157K, capacity 44206K, committed 44416K, reserved 1087488K
  class space    used 5797K, capacity 6195K, committed 6272K, reserved 1048576K
GC Heap History (10 events):
Event: 25.556 GC heap before
{Heap before GC invocations=10 (full 1):
 PSYoungGen      total 57856K, used 57346K [0x00000000e0000000, 0x00000000e4a80000, 0x0000000100000000)
  eden space 53760K, 100% used [0x00000000e0000000,0x00000000e3480000,0x00000000e3480000)
  from space 4096K, 87% used [0x00000000e4680000,0x00000000e4a00868,0x00000000e4a80000)
  to   space 7680K, 0% used [0x00000000e3b80000,0x00000000e3b80000,0x00000000e4300000)
 ParOldGen       total 37376K, used 11965K [0x00000000a0000000, 0x00000000a2480000, 0x00000000e0000000)
  object space 37376K, 32% used [0x00000000a0000000,0x00000000a0baf7e8,0x00000000a2480000)
 Metaspace       used 27856K, capacity 28446K, committed 28672K, reserved 1073152K
  class space    used 3838K, capacity 4045K, committed 4096K, reserved 1048576K
Event: 25.615 GC heap after
Heap after GC invocations=10 (full 1):
 PSYoungGen      total 68608K, used 7673K [0x00000000e0000000, 0x00000000e5a80000, 0x0000000100000000)
  eden space 60928K, 0% used [0x00000000e0000000,0x00000000e0000000,0x00000000e3b80000)
  from space 7680K, 99% used [0x00000000e3b80000,0x00000000e42fe680,0x00000000e4300000)
  to   space 8704K, 0% used [0x00000000e5200000,0x00000000e5200000,0x00000000e5a80000)
 ParOldGen       total 37376K, used 12018K [0x00000000a0000000, 0x00000000a2480000, 0x00000000e0000000)
  object space 37376K, 32% used [0x00000000a0000000,0x00000000a0bbc8a8,0x00000000a2480000)
 Metaspace       used 27856K, capacity 28446K, committed 28672K, reserved 1073152K
  class space    used 3838K, capacity 4045K, committed 4096K, reserved 1048576K
}
Event: 33.594 GC heap before
{Heap before GC invocations=11 (full 1):
 PSYoungGen      total 68608K, used 68601K [0x00000000e0000000, 0x00000000e5a80000, 0x0000000100000000)
  eden space 60928K, 100% used [0x00000000e0000000,0x00000000e3b80000,0x00000000e3b80000)
  from space 7680K, 99% used [0x00000000e3b80000,0x00000000e42fe680,0x00000000e4300000)
  to   space 8704K, 0% used [0x00000000e5200000,0x00000000e5200000,0x00000000e5a80000)
 ParOldGen       total 37376K, used 12018K [0x00000000a0000000, 0x00000000a2480000, 0x00000000e0000000)
  object space 37376K, 32% used [0x00000000a0000000,0x00000000a0bbc8a8,0x00000000a2480000)
 Metaspace       used 31449K, capacity 32174K, committed 32256K, reserved 1077248K
  class space    used 4320K, capacity 4584K, committed 4608K, reserved 1048576K
Event: 33.621 GC heap after
Heap after GC invocations=11 (full 1):
 PSYoungGen      total 83456K, used 6971K [0x00000000e0000000, 0x00000000e6380000, 0x0000000100000000)
  eden space 74752K, 0% used [0x00000000e0000000,0x00000000e0000000,0x00000000e4900000)
  from space 8704K, 80% used [0x00000000e5200000,0x00000000e58cee50,0x00000000e5a80000)
  to   space 9216K, 0% used [0x00000000e4900000,0x00000000e4900000,0x00000000e5200000)
 ParOldGen       total 37376K, used 13928K [0x00000000a0000000, 0x00000000a2480000, 0x00000000e0000000)
  object space 37376K, 37% used [0x00000000a0000000,0x00000000a0d9a2e0,0x00000000a2480000)
 Metaspace       used 31449K, capacity 32174K, committed 32256K, reserved 1077248K
  class space    used 4320K, capacity 4584K, committed 4608K, reserved 1048576K
}
Event: 41.869 GC heap before
{Heap before GC invocations=12 (full 1):
 PSYoungGen      total 83456K, used 55080K [0x00000000e0000000, 0x00000000e6380000, 0x0000000100000000)
  eden space 74752K, 64% used [0x00000000e0000000,0x00000000e2efb330,0x00000000e4900000)
  from space 8704K, 80% used [0x00000000e5200000,0x00000000e58cee50,0x00000000e5a80000)
  to   space 9216K, 0% used [0x00000000e4900000,0x00000000e4900000,0x00000000e5200000)
 ParOldGen       total 37376K, used 13928K [0x00000000a0000000, 0x00000000a2480000, 0x00000000e0000000)
  object space 37376K, 37% used [0x00000000a0000000,0x00000000a0d9a2e0,0x00000000a2480000)
 Metaspace       used 34390K, capacity 35276K, committed 35416K, reserved 1079296K
  class space    used 4684K, capacity 5006K, committed 5120K, reserved 1048576K
Event: 41.890 GC heap after
Heap after GC invocations=12 (full 1):
 PSYoungGen      total 83968K, used 3876K [0x00000000e0000000, 0x00000000e7300000, 0x0000000100000000)
  eden space 74752K, 0% used [0x00000000e0000000,0x00000000e0000000,0x00000000e4900000)
  from space 9216K, 42% used [0x00000000e4900000,0x00000000e4cc9390,0x00000000e5200000)
  to   space 8704K, 0% used [0x00000000e6a80000,0x00000000e6a80000,0x00000000e7300000)
 ParOldGen       total 37376K, used 18609K [0x00000000a0000000, 0x00000000a2480000, 0x00000000e0000000)
  object space 37376K, 49% used [0x00000000a0000000,0x00000000a122c780,0x00000000a2480000)
 Metaspace       used 34390K, capacity 35276K, committed 35416K, reserved 1079296K
  class space    used 4684K, capacity 5006K, committed 5120K, reserved 1048576K
}
Event: 41.890 GC heap before
{Heap before GC invocations=13 (full 2):
 PSYoungGen      total 83968K, used 3876K [0x00000000e0000000, 0x00000000e7300000, 0x0000000100000000)
  eden space 74752K, 0% used [0x00000000e0000000,0x00000000e0000000,0x00000000e4900000)
  from space 9216K, 42% used [0x00000000e4900000,0x00000000e4cc9390,0x00000000e5200000)
  to   space 8704K, 0% used [0x00000000e6a80000,0x00000000e6a80000,0x00000000e7300000)
 ParOldGen       total 37376K, used 18609K [0x00000000a0000000, 0x00000000a2480000, 0x00000000e0000000)
  object space 37376K, 49% used [0x00000000a0000000,0x00000000a122c780,0x00000000a2480000)
 Metaspace       used 34390K, capacity 35276K, committed 35416K, reserved 1079296K
  class space    used 4684K, capacity 5006K, committed 5120K, reserved 1048576K
Event: 42.107 GC heap after
Heap after GC invocations=13 (full 2):
 PSYoungGen      total 83968K, used 0K [0x00000000e0000000, 0x00000000e7300000, 0x0000000100000000)
  eden space 74752K, 0% used [0x00000000e0000000,0x00000000e0000000,0x00000000e4900000)
  from space 9216K, 0% used [0x00000000e4900000,0x00000000e4900000,0x00000000e5200000)
  to   space 8704K, 0% used [0x00000000e6a80000,0x00000000e6a80000,0x00000000e7300000)
 ParOldGen       total 54272K, used 16611K [0x00000000a0000000, 0x00000000a3500000, 0x00000000e0000000)
  object space 54272K, 30% used [0x00000000a0000000,0x00000000a1038e80,0x00000000a3500000)
 Metaspace       used 34390K, capacity 35276K, committed 35416K, reserved 1079296K
  class space    used 4684K, capacity 5006K, committed 5120K, reserved 1048576K
}
Event: 48.370 GC heap before
{Heap before GC invocations=14 (full 2):
 PSYoungGen      total 83968K, used 74752K [0x00000000e0000000, 0x00000000e7300000, 0x0000000100000000)
  eden space 74752K, 100% used [0x00000000e0000000,0x00000000e4900000,0x00000000e4900000)
  from space 9216K, 0% used [0x00000000e4900000,0x00000000e4900000,0x00000000e5200000)
  to   space 8704K, 0% used [0x00000000e6a80000,0x00000000e6a80000,0x00000000e7300000)
 ParOldGen       total 54272K, used 16611K [0x00000000a0000000, 0x00000000a3500000, 0x00000000e0000000)
  object space 54272K, 30% used [0x00000000a0000000,0x00000000a1038e80,0x00000000a3500000)
 Metaspace       used 40883K, capacity 41768K, committed 41984K, reserved 1085440K
  class space    used 5467K, capacity 5825K, committed 5888K, reserved 1048576K
Event: 48.393 GC heap after
Heap after GC invocations=14 (full 2):
 PSYoungGen      total 103424K, used 6710K [0x00000000e0000000, 0x00000000e7180000, 0x0000000100000000)
  eden space 96256K, 0% used [0x00000000e0000000,0x00000000e0000000,0x00000000e5e00000)
  from space 7168K, 93% used [0x00000000e6a80000,0x00000000e710d918,0x00000000e7180000)
  to   space 9216K, 0% used [0x00000000e5f80000,0x00000000e5f80000,0x00000000e6880000)
 ParOldGen       total 54272K, used 16619K [0x00000000a0000000, 0x00000000a3500000, 0x00000000e0000000)
  object space 54272K, 30% used [0x00000000a0000000,0x00000000a103ae80,0x00000000a3500000)
 Metaspace       used 40883K, capacity 41768K, committed 41984K, reserved 1085440K
  class space    used 5467K, capacity 5825K, committed 5888K, reserved 1048576K
}

