# JRE version: OpenJDK Runtime Environment (8.0_152-b01) (build 1.8.0_152-release-915-b01)
# Java VM: OpenJDK 64-Bit Server VM (25.152-b01 mixed mode windows-amd64 compressed oops)
Heap:
 PSYoungGen      total 72704K, used 7387K [0x00000000e0000000, 0x00000000e5000000, 0x0000000100000000)
  eden space 65024K, 11% used [0x00000000e0000000,0x00000000e0736d80,0x00000000e3f80000)
  from space 7680K, 0% used [0x00000000e4780000,0x00000000e4780000,0x00000000e4f00000)
  to   space 8192K, 0% used [0x00000000e3f80000,0x00000000e3f80000,0x00000000e4780000)
 ParOldGen       total 35840K, used 8922K [0x00000000a0000000, 0x00000000a2300000, 0x00000000e0000000)
  object space 35840K, 24% used [0x00000000a0000000,0x00000000a08b6bb8,0x00000000a2300000)
 Metaspace       used 21154K, capacity 21656K, committed 21760K, reserved 1069056K
  class space    used 2914K, capacity 3071K, committed 3072K, reserved 1048576K
GC Heap History (10 events):
Event: 6.058 GC heap before
{Heap before GC invocations=3 (full 0):
 PSYoungGen      total 18944K, used 18917K [0x00000000e0000000, 0x00000000e2500000, 0x0000000100000000)
  eden space 16384K, 100% used [0x00000000e0000000,0x00000000e1000000,0x00000000e1000000)
  from space 2560K, 98% used [0x00000000e1280000,0x00000000e14f9460,0x00000000e1500000)
  to   space 2560K, 0% used [0x00000000e1000000,0x00000000e1000000,0x00000000e1280000)
 ParOldGen       total 44032K, used 1042K [0x00000000a0000000, 0x00000000a2b00000, 0x00000000e0000000)
  object space 44032K, 2% used [0x00000000a0000000,0x00000000a0104b30,0x00000000a2b00000)
 Metaspace       used 8621K, capacity 8896K, committed 8960K, reserved 1056768K
  class space    used 1092K, capacity 1218K, committed 1280K, reserved 1048576K
Event: 6.067 GC heap after
Heap after GC invocations=3 (full 0):
 PSYoungGen      total 18944K, used 2552K [0x00000000e0000000, 0x00000000e2500000, 0x0000000100000000)
  eden space 16384K, 0% used [0x00000000e0000000,0x00000000e0000000,0x00000000e1000000)
  from space 2560K, 99% used [0x00000000e1000000,0x00000000e127e010,0x00000000e1280000)
  to   space 2560K, 0% used [0x00000000e2280000,0x00000000e2280000,0x00000000e2500000)
 ParOldGen       total 44032K, used 2251K [0x00000000a0000000, 0x00000000a2b00000, 0x00000000e0000000)
  object space 44032K, 5% used [0x00000000a0000000,0x00000000a0232c98,0x00000000a2b00000)
 Metaspace       used 8621K, capacity 8896K, committed 8960K, reserved 1056768K
  class space    used 1092K, capacity 1218K, committed 1280K, reserved 1048576K
}
Event: 10.838 GC heap before
{Heap before GC invocations=4 (full 0):
 PSYoungGen      total 18944K, used 18936K [0x00000000e0000000, 0x00000000e2500000, 0x0000000100000000)
  eden space 16384K, 100% used [0x00000000e0000000,0x00000000e1000000,0x00000000e1000000)
  from space 2560K, 99% used [0x00000000e1000000,0x00000000e127e010,0x00000000e1280000)
  to   space 2560K, 0% used [0x00000000e2280000,0x00000000e2280000,0x00000000e2500000)
 ParOldGen       total 44032K, used 2251K [0x00000000a0000000, 0x00000000a2b00000, 0x00000000e0000000)
  object space 44032K, 5% used [0x00000000a0000000,0x00000000a0232c98,0x00000000a2b00000)
 Metaspace       used 12364K, capacity 12768K, committed 12928K, reserved 1060864K
  class space    used 1656K, capacity 1802K, committed 1920K, reserved 1048576K
Event: 10.860 GC heap after
Heap after GC invocations=4 (full 0):
 PSYoungGen      total 35328K, used 2536K [0x00000000e0000000, 0x00000000e2500000, 0x0000000100000000)
  eden space 32768K, 0% used [0x00000000e0000000,0x00000000e0000000,0x00000000e2000000)
  from space 2560K, 99% used [0x00000000e2280000,0x00000000e24fa040,0x00000000e2500000)
  to   space 2560K, 0% used [0x00000000e2000000,0x00000000e2000000,0x00000000e2280000)
 ParOldGen       total 44032K, used 4814K [0x00000000a0000000, 0x00000000a2b00000, 0x00000000e0000000)
  object space 44032K, 10% used [0x00000000a0000000,0x00000000a04b3998,0x00000000a2b00000)
 Metaspace       used 12364K, capacity 12768K, committed 12928K, reserved 1060864K
  class space    used 1656K, capacity 1802K, committed 1920K, reserved 1048576K
}
Event: 13.016 GC heap before
{Heap before GC invocations=5 (full 0):
 PSYoungGen      total 35328K, used 35304K [0x00000000e0000000, 0x00000000e2500000, 0x0000000100000000)
  eden space 32768K, 100% used [0x00000000e0000000,0x00000000e2000000,0x00000000e2000000)
  from space 2560K, 99% used [0x00000000e2280000,0x00000000e24fa040,0x00000000e2500000)
  to   space 2560K, 0% used [0x00000000e2000000,0x00000000e2000000,0x00000000e2280000)
 ParOldGen       total 44032K, used 4814K [0x00000000a0000000, 0x00000000a2b00000, 0x00000000e0000000)
  object space 44032K, 10% used [0x00000000a0000000,0x00000000a04b3998,0x00000000a2b00000)
 Metaspace       used 15777K, capacity 16196K, committed 16512K, reserved 1062912K
  class space    used 2210K, capacity 2348K, committed 2432K, reserved 1048576K
Event: 13.046 GC heap after
Heap after GC invocations=5 (full 0):
 PSYoungGen      total 35328K, used 2536K [0x00000000e0000000, 0x00000000e4f00000, 0x0000000100000000)
  eden space 32768K, 0% used [0x00000000e0000000,0x00000000e0000000,0x00000000e2000000)
  from space 2560K, 99% used [0x00000000e2000000,0x00000000e227a040,0x00000000e2280000)
  to   space 7680K, 0% used [0x00000000e4780000,0x00000000e4780000,0x00000000e4f00000)
 ParOldGen       total 44032K, used 9264K [0x00000000a0000000, 0x00000000a2b00000, 0x00000000e0000000)
  object space 44032K, 21% used [0x00000000a0000000,0x00000000a090c218,0x00000000a2b00000)
 Metaspace       used 15777K, capacity 16196K, committed 16512K, reserved 1062912K
  class space    used 2210K, capacity 2348K, committed 2432K, reserved 1048576K
}
Event: 16.908 GC heap before
{Heap before GC invocations=6 (full 0):
 PSYoungGen      total 35328K, used 29588K [0x00000000e0000000, 0x00000000e4f00000, 0x0000000100000000)
  eden space 32768K, 82% used [0x00000000e0000000,0x00000000e1a6b1e8,0x00000000e2000000)
  from space 2560K, 99% used [0x00000000e2000000,0x00000000e227a040,0x00000000e2280000)
  to   space 7680K, 0% used [0x00000000e4780000,0x00000000e4780000,0x00000000e4f00000)
 ParOldGen       total 44032K, used 9264K [0x00000000a0000000, 0x00000000a2b00000, 0x00000000e0000000)
  object space 44032K, 21% used [0x00000000a0000000,0x00000000a090c218,0x00000000a2b00000)
 Metaspace       used 20604K, capacity 21080K, committed 21248K, reserved 1067008K
  class space    used 2842K, capacity 3007K, committed 3072K, reserved 1048576K
Event: 16.938 GC heap after
Heap after GC invocations=6 (full 0):
 PSYoungGen      total 72704K, used 6943K [0x00000000e0000000, 0x00000000e5000000, 0x0000000100000000)
  eden space 65024K, 0% used [0x00000000e0000000,0x00000000e0000000,0x00000000e3f80000)
  from space 7680K, 90% used [0x00000000e4780000,0x00000000e4e47f58,0x00000000e4f00000)
  to   space 8192K, 0% used [0x00000000e3f80000,0x00000000e3f80000,0x00000000e4780000)
 ParOldGen       total 44032K, used 9264K [0x00000000a0000000, 0x00000000a2b00000, 0x00000000e0000000)
  object space 44032K, 21% used [0x00000000a0000000,0x00000000a090c218,0x00000000a2b00000)
 Metaspace       used 20604K, capacity 21080K, committed 21248K, reserved 1067008K
  class space    used 2842K, capacity 3007K, committed 3072K, reserved 1048576K
}
Event: 16.938 GC heap before
{Heap before GC invocations=7 (full 1):
 PSYoungGen      total 72704K, used 6943K [0x00000000e0000000, 0x00000000e5000000, 0x0000000100000000)
  eden space 65024K, 0% used [0x00000000e0000000,0x00000000e0000000,0x00000000e3f80000)
  from space 7680K, 90% used [0x00000000e4780000,0x00000000e4e47f58,0x00000000e4f00000)
  to   space 8192K, 0% used [0x00000000e3f80000,0x00000000e3f80000,0x00000000e4780000)
 ParOldGen       total 44032K, used 9264K [0x00000000a0000000, 0x00000000a2b00000, 0x00000000e0000000)
  object space 44032K, 21% used [0x00000000a0000000,0x00000000a090c218,0x00000000a2b00000)
 Metaspace       used 20604K, capacity 21080K, committed 21248K, reserved 1067008K
  class space    used 2842K, capacity 3007K, committed 3072K, reserved 1048576K
Event: 17.081 GC heap after
Heap after GC invocations=7 (full 1):
 PSYoungGen      total 72704K, used 0K [0x00000000e0000000, 0x00000000e5000000, 0x0000000100000000)
  eden space 65024K, 0% used [0x00000000e0000000,0x00000000e0000000,0x00000000e3f80000)
  from space 7680K, 0% used [0x00000000e4780000,0x00000000e4780000,0x00000000e4f00000)
  to   space 8192K, 0% used [0x00000000e3f80000,0x00000000e3f80000,0x00000000e4780000)
 ParOldGen       total 35840K, used 8922K [0x00000000a0000000, 0x00000000a2300000, 0x00000000e0000000)
  object space 35840K, 24% used [0x00000000a0000000,0x00000000a08b6bb8,0x00000000a2300000)
 Metaspace       used 20604K, capacity 21080K, committed 21248K, reserved 1067008K
  class space    used 2842K, capacity 3007K, committed 3072K, reserved 1048576K
}

